<?xml version="1.0" encoding="UTF-8"?>
<!-- Generated by org.testng.reporters.JUnitXMLReporter -->
<testsuite hostname="DESKTOP-KUCKB7O" ignored="0" name="Default test" tests="3" failures="0" timestamp="2022-09-20T10:53:12 CEST" time="12.35" errors="0">
  <testcase name="editRow" time="1.717" classname="d19_09_2022.BootstrapTableTests"/>
  <testcase name="deleteRows" time="1.094" classname="d19_09_2022.BootstrapTableTests"/>
  <testcase name="TakeAScreenshot" time="0.617" classname="d19_09_2022.BootstrapTableTests"/>
</testsuite> <!-- Default test -->
