<?xml version="1.0" encoding="UTF-8"?>
<testng-results skipped="0" failed="0" ignored="0" total="1" passed="1">
  <reporter-output>
  </reporter-output>
  <suite name="Default suite" duration-ms="24615" started-at="2022-09-22T09:58:25 CEST" finished-at="2022-09-22T09:58:49 CEST">
    <groups>
    </groups>
    <test name="Default test" duration-ms="24615" started-at="2022-09-22T09:58:25 CEST" finished-at="2022-09-22T09:58:49 CEST">
      <class name="d20_09_2022tests.AutomationPracticeTests">
        <test-method status="PASS" signature="beforeClass()[pri:0, instance:d20_09_2022tests.AutomationPracticeTests@64f6106c]" name="beforeClass" is-config="true" duration-ms="2414" started-at="2022-09-22T09:58:25 CEST" finished-at="2022-09-22T09:58:27 CEST">
          <reporter-output>
          </reporter-output>
        </test-method> <!-- beforeClass -->
        <test-method status="PASS" signature="beforeMethod()[pri:0, instance:d20_09_2022tests.AutomationPracticeTests@64f6106c]" name="beforeMethod" is-config="true" duration-ms="5909" started-at="2022-09-22T09:58:27 CEST" finished-at="2022-09-22T09:58:33 CEST">
          <reporter-output>
          </reporter-output>
        </test-method> <!-- beforeMethod -->
        <test-method status="PASS" signature="topMenuMouseOver()[pri:2, instance:d20_09_2022tests.AutomationPracticeTests@64f6106c]" name="topMenuMouseOver" duration-ms="15545" started-at="2022-09-22T09:58:33 CEST" finished-at="2022-09-22T09:58:49 CEST">
          <reporter-output>
          </reporter-output>
        </test-method> <!-- topMenuMouseOver -->
        <test-method status="PASS" signature="afterMethod()[pri:0, instance:d20_09_2022tests.AutomationPracticeTests@64f6106c]" name="afterMethod" is-config="true" duration-ms="0" started-at="2022-09-22T09:58:49 CEST" finished-at="2022-09-22T09:58:49 CEST">
          <reporter-output>
          </reporter-output>
        </test-method> <!-- afterMethod -->
        <test-method status="PASS" signature="afterClass()[pri:0, instance:d20_09_2022tests.AutomationPracticeTests@64f6106c]" name="afterClass" is-config="true" duration-ms="714" started-at="2022-09-22T09:58:49 CEST" finished-at="2022-09-22T09:58:49 CEST">
          <reporter-output>
          </reporter-output>
        </test-method> <!-- afterClass -->
      </class> <!-- d20_09_2022tests.AutomationPracticeTests -->
    </test> <!-- Default test -->
  </suite> <!-- Default suite -->
</testng-results>
